<?xml version="1.0" encoding="UTF-8"?>
<!-- Generated by org.testng.reporters.JUnitReportReporter -->
<testsuite hostname="MSI" failures="0" tests="1" name="testCases.TC02_Login" time="1.307" errors="0" timestamp="2025-03-09T15:36:15 ICT" skipped="0">
  <testcase classname="testCases.TC02_Login" name="loginSuccess" time="1.307"/>
</testsuite> <!-- testCases.TC02_Login -->
